2025-02-14T15:38:30.322+07:00  INFO 22700 --- [demo] [main] c.p.demo.DemoApplicationTests            : Starting DemoApplicationTests using Java 21.0.6 with PID 22700 (started by dat.vothanh in D:\Java-learning\demo)
2025-02-14T15:38:30.329+07:00  INFO 22700 --- [demo] [main] c.p.demo.DemoApplicationTests            : No active profile set, falling back to 1 default profile: "default"
2025-02-14T15:38:30.361+07:00 DEBUG 22700 --- [demo] [main] o.s.w.c.s.GenericWebApplicationContext   : Refreshing org.springframework.web.context.support.GenericWebApplicationContext@2d140a7
2025-02-14T15:38:31.119+07:00  INFO 22700 --- [demo] [main] .s.d.r.c.RepositoryConfigurationDelegate : Bootstrapping Spring Data JPA repositories in DEFAULT mode.
2025-02-14T15:38:31.187+07:00  INFO 22700 --- [demo] [main] .s.d.r.c.RepositoryConfigurationDelegate : Finished Spring Data repository scanning in 58 ms. Found 1 JPA repository interface.
2025-02-14T15:38:31.841+07:00  INFO 22700 --- [demo] [main] com.zaxxer.hikari.HikariDataSource       : HikariPool-1 - Starting...
2025-02-14T15:38:32.087+07:00  INFO 22700 --- [demo] [main] com.zaxxer.hikari.pool.HikariPool        : HikariPool-1 - Added connection com.mysql.cj.jdbc.ConnectionImpl@28ee882c
2025-02-14T15:38:32.089+07:00  INFO 22700 --- [demo] [main] com.zaxxer.hikari.HikariDataSource       : HikariPool-1 - Start completed.
2025-02-14T15:38:32.626+07:00  INFO 22700 --- [demo] [main] o.s.o.j.p.SpringPersistenceUnitInfo      : No LoadTimeWeaver setup: ignoring JPA class transformer
2025-02-14T15:38:33.597+07:00  INFO 22700 --- [demo] [main] j.LocalContainerEntityManagerFactoryBean : Initialized JPA EntityManagerFactory for persistence unit 'default'
2025-02-14T15:38:34.125+07:00  WARN 22700 --- [demo] [main] JpaBaseConfiguration$JpaWebConfiguration : spring.jpa.open-in-view is enabled by default. Therefore, database queries may be performed during view rendering. Explicitly configure spring.jpa.open-in-view to disable this warning
2025-02-14T15:38:34.221+07:00 DEBUG 22700 --- [demo] [main] s.w.s.m.m.a.RequestMappingHandlerMapping : 4 mappings in 'requestMappingHandlerMapping'
2025-02-14T15:38:34.357+07:00 DEBUG 22700 --- [demo] [main] o.s.w.s.handler.SimpleUrlHandlerMapping  : Patterns [/webjars/**, /**] in 'resourceHandlerMapping'
2025-02-14T15:38:34.398+07:00 DEBUG 22700 --- [demo] [main] s.w.s.m.m.a.RequestMappingHandlerAdapter : ControllerAdvice beans: 0 @ModelAttribute, 0 @InitBinder, 1 RequestBodyAdvice, 1 ResponseBodyAdvice
2025-02-14T15:38:34.441+07:00 DEBUG 22700 --- [demo] [main] .m.m.a.ExceptionHandlerExceptionResolver : ControllerAdvice beans: 0 @ExceptionHandler, 1 ResponseBodyAdvice
2025-02-14T15:38:34.586+07:00  INFO 22700 --- [demo] [main] r$InitializeUserDetailsManagerConfigurer : Global AuthenticationManager configured with UserDetailsService bean with name inMemoryUserDetailsManager
2025-02-14T15:38:34.771+07:00  INFO 22700 --- [demo] [main] c.p.demo.DemoApplicationTests            : Started DemoApplicationTests in 4.77 seconds (process running for 5.952)
2025-02-14T15:38:35.559+07:00 DEBUG 22700 --- [demo] [SpringApplicationShutdownHook] o.s.w.c.s.GenericWebApplicationContext   : Closing org.springframework.web.context.support.GenericWebApplicationContext@2d140a7, started on Fri Feb 14 15:38:30 ICT 2025
2025-02-14T15:38:35.562+07:00  INFO 22700 --- [demo] [SpringApplicationShutdownHook] j.LocalContainerEntityManagerFactoryBean : Closing JPA EntityManagerFactory for persistence unit 'default'
2025-02-14T15:38:35.564+07:00  INFO 22700 --- [demo] [SpringApplicationShutdownHook] com.zaxxer.hikari.HikariDataSource       : HikariPool-1 - Shutdown initiated...
2025-02-14T15:38:35.571+07:00  INFO 22700 --- [demo] [SpringApplicationShutdownHook] com.zaxxer.hikari.HikariDataSource       : HikariPool-1 - Shutdown completed.
2025-02-14T16:30:51.349+07:00  INFO 14216 --- [demo] [main] c.p.demo.DemoApplicationTests            : Starting DemoApplicationTests using Java 21.0.6 with PID 14216 (started by dat.vothanh in D:\Java-learning\demo)
2025-02-14T16:30:51.351+07:00  INFO 14216 --- [demo] [main] c.p.demo.DemoApplicationTests            : No active profile set, falling back to 1 default profile: "default"
2025-02-14T16:30:51.383+07:00 DEBUG 14216 --- [demo] [main] o.s.w.c.s.GenericWebApplicationContext   : Refreshing org.springframework.web.context.support.GenericWebApplicationContext@4201a617
2025-02-14T16:30:52.201+07:00  INFO 14216 --- [demo] [main] .s.d.r.c.RepositoryConfigurationDelegate : Bootstrapping Spring Data JPA repositories in DEFAULT mode.
2025-02-14T16:30:52.267+07:00  INFO 14216 --- [demo] [main] .s.d.r.c.RepositoryConfigurationDelegate : Finished Spring Data repository scanning in 58 ms. Found 1 JPA repository interface.
2025-02-14T16:30:52.815+07:00  INFO 14216 --- [demo] [main] com.zaxxer.hikari.HikariDataSource       : HikariPool-1 - Starting...
2025-02-14T16:30:53.043+07:00  INFO 14216 --- [demo] [main] com.zaxxer.hikari.pool.HikariPool        : HikariPool-1 - Added connection com.mysql.cj.jdbc.ConnectionImpl@68a305eb
2025-02-14T16:30:53.045+07:00  INFO 14216 --- [demo] [main] com.zaxxer.hikari.HikariDataSource       : HikariPool-1 - Start completed.
2025-02-14T16:30:53.529+07:00  INFO 14216 --- [demo] [main] o.s.o.j.p.SpringPersistenceUnitInfo      : No LoadTimeWeaver setup: ignoring JPA class transformer
2025-02-14T16:30:54.540+07:00  INFO 14216 --- [demo] [main] j.LocalContainerEntityManagerFactoryBean : Initialized JPA EntityManagerFactory for persistence unit 'default'
2025-02-14T16:30:55.132+07:00  WARN 14216 --- [demo] [main] JpaBaseConfiguration$JpaWebConfiguration : spring.jpa.open-in-view is enabled by default. Therefore, database queries may be performed during view rendering. Explicitly configure spring.jpa.open-in-view to disable this warning
2025-02-14T16:30:55.252+07:00 DEBUG 14216 --- [demo] [main] s.w.s.m.m.a.RequestMappingHandlerMapping : 4 mappings in 'requestMappingHandlerMapping'
2025-02-14T16:30:55.371+07:00 DEBUG 14216 --- [demo] [main] o.s.w.s.handler.SimpleUrlHandlerMapping  : Patterns [/webjars/**, /**] in 'resourceHandlerMapping'
2025-02-14T16:30:55.409+07:00 DEBUG 14216 --- [demo] [main] s.w.s.m.m.a.RequestMappingHandlerAdapter : ControllerAdvice beans: 0 @ModelAttribute, 0 @InitBinder, 1 RequestBodyAdvice, 1 ResponseBodyAdvice
2025-02-14T16:30:55.448+07:00 DEBUG 14216 --- [demo] [main] .m.m.a.ExceptionHandlerExceptionResolver : ControllerAdvice beans: 0 @ExceptionHandler, 1 ResponseBodyAdvice
2025-02-14T16:30:55.721+07:00  INFO 14216 --- [demo] [main] o.s.s.web.DefaultSecurityFilterChain     : Will secure any request with [org.springframework.security.web.session.DisableEncodeUrlFilter@7ccfed46, org.springframework.security.web.context.request.async.WebAsyncManagerIntegrationFilter@53630682, org.springframework.security.web.context.SecurityContextHolderFilter@736eb2a2, org.springframework.security.web.header.HeaderWriterFilter@66ad7167, org.springframework.web.filter.CorsFilter@71e2ddd, org.springframework.security.web.csrf.CsrfFilter@d082916, org.springframework.security.web.authentication.logout.LogoutFilter@3db3668, org.springframework.security.web.authentication.UsernamePasswordAuthenticationFilter@51d80f6e, org.springframework.security.web.authentication.ui.DefaultLoginPageGeneratingFilter@26fc464f, org.springframework.security.web.authentication.ui.DefaultLogoutPageGeneratingFilter@8318808, org.springframework.security.web.authentication.www.BasicAuthenticationFilter@12a8d03b, org.springframework.security.web.savedrequest.RequestCacheAwareFilter@3b235623, org.springframework.security.web.servletapi.SecurityContextHolderAwareRequestFilter@3ddc5a75, org.springframework.security.web.authentication.AnonymousAuthenticationFilter@b97f195, org.springframework.security.web.access.ExceptionTranslationFilter@4884350b, org.springframework.security.web.access.intercept.AuthorizationFilter@5be8a92c]
2025-02-14T16:30:55.797+07:00  INFO 14216 --- [demo] [main] c.p.demo.DemoApplicationTests            : Started DemoApplicationTests in 4.742 seconds (process running for 5.852)
2025-02-14T16:30:56.711+07:00 DEBUG 14216 --- [demo] [SpringApplicationShutdownHook] o.s.w.c.s.GenericWebApplicationContext   : Closing org.springframework.web.context.support.GenericWebApplicationContext@4201a617, started on Fri Feb 14 16:30:51 ICT 2025
2025-02-14T16:30:56.715+07:00  INFO 14216 --- [demo] [SpringApplicationShutdownHook] j.LocalContainerEntityManagerFactoryBean : Closing JPA EntityManagerFactory for persistence unit 'default'
2025-02-14T16:30:56.717+07:00  INFO 14216 --- [demo] [SpringApplicationShutdownHook] com.zaxxer.hikari.HikariDataSource       : HikariPool-1 - Shutdown initiated...
2025-02-14T16:30:56.725+07:00  INFO 14216 --- [demo] [SpringApplicationShutdownHook] com.zaxxer.hikari.HikariDataSource       : HikariPool-1 - Shutdown completed.
2025-02-14T16:35:30.360+07:00  INFO 21644 --- [demo] [restartedMain] c.p.demo.DemoApplication                 : Starting DemoApplication using Java 23.0.2 with PID 21644 (D:\Java-learning\demo\target\classes started by dat.vothanh in D:\Java-learning\demo)
2025-02-14T16:35:30.363+07:00  INFO 21644 --- [demo] [restartedMain] c.p.demo.DemoApplication                 : No active profile set, falling back to 1 default profile: "default"
2025-02-14T16:35:30.423+07:00  INFO 21644 --- [demo] [restartedMain] .e.DevToolsPropertyDefaultsPostProcessor : Devtools property defaults active! Set 'spring.devtools.add-properties' to 'false' to disable
2025-02-14T16:35:30.423+07:00  INFO 21644 --- [demo] [restartedMain] .e.DevToolsPropertyDefaultsPostProcessor : For additional web related logging consider setting the 'logging.level.web' property to 'DEBUG'
2025-02-14T16:35:31.035+07:00  INFO 21644 --- [demo] [restartedMain] .s.d.r.c.RepositoryConfigurationDelegate : Bootstrapping Spring Data JPA repositories in DEFAULT mode.
2025-02-14T16:35:31.085+07:00  INFO 21644 --- [demo] [restartedMain] .s.d.r.c.RepositoryConfigurationDelegate : Finished Spring Data repository scanning in 43 ms. Found 1 JPA repository interface.
2025-02-14T16:35:31.630+07:00  INFO 21644 --- [demo] [restartedMain] o.s.b.w.embedded.tomcat.TomcatWebServer  : Tomcat initialized with port 8080 (http)
2025-02-14T16:35:31.640+07:00  INFO 21644 --- [demo] [restartedMain] o.apache.catalina.core.StandardService   : Starting service [Tomcat]
2025-02-14T16:35:31.640+07:00  INFO 21644 --- [demo] [restartedMain] o.apache.catalina.core.StandardEngine    : Starting Servlet engine: [Apache Tomcat/10.1.18]
2025-02-14T16:35:31.686+07:00  INFO 21644 --- [demo] [restartedMain] o.a.c.c.C.[Tomcat].[localhost].[/]       : Initializing Spring embedded WebApplicationContext
2025-02-14T16:35:31.687+07:00  INFO 21644 --- [demo] [restartedMain] w.s.c.ServletWebServerApplicationContext : Root WebApplicationContext: initialization completed in 1264 ms
2025-02-14T16:35:31.797+07:00  INFO 21644 --- [demo] [restartedMain] com.zaxxer.hikari.HikariDataSource       : HikariPool-1 - Starting...
2025-02-14T16:35:31.952+07:00  INFO 21644 --- [demo] [restartedMain] com.zaxxer.hikari.pool.HikariPool        : HikariPool-1 - Added connection com.mysql.cj.jdbc.ConnectionImpl@70e261ba
2025-02-14T16:35:31.954+07:00  INFO 21644 --- [demo] [restartedMain] com.zaxxer.hikari.HikariDataSource       : HikariPool-1 - Start completed.
2025-02-14T16:35:32.245+07:00  INFO 21644 --- [demo] [restartedMain] o.s.o.j.p.SpringPersistenceUnitInfo      : No LoadTimeWeaver setup: ignoring JPA class transformer
2025-02-14T16:35:33.196+07:00  INFO 21644 --- [demo] [restartedMain] j.LocalContainerEntityManagerFactoryBean : Initialized JPA EntityManagerFactory for persistence unit 'default'
2025-02-14T16:35:33.515+07:00  WARN 21644 --- [demo] [restartedMain] JpaBaseConfiguration$JpaWebConfiguration : spring.jpa.open-in-view is enabled by default. Therefore, database queries may be performed during view rendering. Explicitly configure spring.jpa.open-in-view to disable this warning
2025-02-14T16:35:33.578+07:00 DEBUG 21644 --- [demo] [restartedMain] s.w.s.m.m.a.RequestMappingHandlerMapping : 3 mappings in 'requestMappingHandlerMapping'
2025-02-14T16:35:33.641+07:00 DEBUG 21644 --- [demo] [restartedMain] o.s.w.s.handler.SimpleUrlHandlerMapping  : Patterns [/webjars/**, /**] in 'resourceHandlerMapping'
2025-02-14T16:35:33.678+07:00 DEBUG 21644 --- [demo] [restartedMain] s.w.s.m.m.a.RequestMappingHandlerAdapter : ControllerAdvice beans: 0 @ModelAttribute, 0 @InitBinder, 1 RequestBodyAdvice, 1 ResponseBodyAdvice
2025-02-14T16:35:33.730+07:00 DEBUG 21644 --- [demo] [restartedMain] .m.m.a.ExceptionHandlerExceptionResolver : ControllerAdvice beans: 0 @ExceptionHandler, 1 ResponseBodyAdvice
2025-02-14T16:35:34.028+07:00  INFO 21644 --- [demo] [restartedMain] o.s.s.web.DefaultSecurityFilterChain     : Will secure any request with [org.springframework.security.web.session.DisableEncodeUrlFilter@526ac468, org.springframework.security.web.context.request.async.WebAsyncManagerIntegrationFilter@427b361c, org.springframework.security.web.context.SecurityContextHolderFilter@66147a36, org.springframework.security.web.header.HeaderWriterFilter@589aa8c5, org.springframework.web.filter.CorsFilter@6e6c7298, org.springframework.security.web.csrf.CsrfFilter@55a423db, org.springframework.security.web.authentication.logout.LogoutFilter@5dd1d040, org.springframework.security.web.authentication.UsernamePasswordAuthenticationFilter@289e8c70, org.springframework.security.web.authentication.ui.DefaultLoginPageGeneratingFilter@3accc7b, org.springframework.security.web.authentication.ui.DefaultLogoutPageGeneratingFilter@7a4408ac, org.springframework.security.web.authentication.www.BasicAuthenticationFilter@3c02173c, org.springframework.security.web.savedrequest.RequestCacheAwareFilter@5d392267, org.springframework.security.web.servletapi.SecurityContextHolderAwareRequestFilter@552f2113, org.springframework.security.web.authentication.AnonymousAuthenticationFilter@7e09ca08, org.springframework.security.web.access.ExceptionTranslationFilter@3b795228, org.springframework.security.web.access.intercept.AuthorizationFilter@57b6b492]
2025-02-14T16:35:34.082+07:00  INFO 21644 --- [demo] [restartedMain] o.s.b.d.a.OptionalLiveReloadServer       : LiveReload server is running on port 35729
2025-02-14T16:35:34.142+07:00  INFO 21644 --- [demo] [restartedMain] o.s.b.w.embedded.tomcat.TomcatWebServer  : Tomcat started on port 8080 (http) with context path ''
2025-02-14T16:35:34.153+07:00  INFO 21644 --- [demo] [restartedMain] c.p.demo.DemoApplication                 : Started DemoApplication in 4.306 seconds (process running for 5.389)
2025-02-14T16:36:47.018+07:00  INFO 21644 --- [demo] [SpringApplicationShutdownHook] j.LocalContainerEntityManagerFactoryBean : Closing JPA EntityManagerFactory for persistence unit 'default'
2025-02-14T16:36:47.022+07:00  INFO 21644 --- [demo] [SpringApplicationShutdownHook] com.zaxxer.hikari.HikariDataSource       : HikariPool-1 - Shutdown initiated...
2025-02-14T16:36:47.030+07:00  INFO 21644 --- [demo] [SpringApplicationShutdownHook] com.zaxxer.hikari.HikariDataSource       : HikariPool-1 - Shutdown completed.
2025-02-14T17:04:51.311+07:00  INFO 22036 --- [demo] [main] c.p.demo.DemoApplicationTests            : Starting DemoApplicationTests using Java 21.0.6 with PID 22036 (started by dat.vothanh in D:\Java-learning\demo)
2025-02-14T17:04:51.312+07:00  INFO 22036 --- [demo] [main] c.p.demo.DemoApplicationTests            : No active profile set, falling back to 1 default profile: "default"
2025-02-14T17:04:51.339+07:00 DEBUG 22036 --- [demo] [main] o.s.w.c.s.GenericWebApplicationContext   : Refreshing org.springframework.web.context.support.GenericWebApplicationContext@4201a617
2025-02-14T17:04:52.067+07:00  INFO 22036 --- [demo] [main] .s.d.r.c.RepositoryConfigurationDelegate : Bootstrapping Spring Data JPA repositories in DEFAULT mode.
2025-02-14T17:04:52.129+07:00  INFO 22036 --- [demo] [main] .s.d.r.c.RepositoryConfigurationDelegate : Finished Spring Data repository scanning in 55 ms. Found 1 JPA repository interface.
2025-02-14T17:04:52.698+07:00  INFO 22036 --- [demo] [main] com.zaxxer.hikari.HikariDataSource       : HikariPool-1 - Starting...
2025-02-14T17:04:52.946+07:00  INFO 22036 --- [demo] [main] com.zaxxer.hikari.pool.HikariPool        : HikariPool-1 - Added connection com.mysql.cj.jdbc.ConnectionImpl@55e1192
2025-02-14T17:04:52.948+07:00  INFO 22036 --- [demo] [main] com.zaxxer.hikari.HikariDataSource       : HikariPool-1 - Start completed.
2025-02-14T17:04:53.493+07:00  INFO 22036 --- [demo] [main] o.s.o.j.p.SpringPersistenceUnitInfo      : No LoadTimeWeaver setup: ignoring JPA class transformer
2025-02-14T17:04:54.442+07:00  INFO 22036 --- [demo] [main] j.LocalContainerEntityManagerFactoryBean : Initialized JPA EntityManagerFactory for persistence unit 'default'
2025-02-14T17:04:55.131+07:00  WARN 22036 --- [demo] [main] JpaBaseConfiguration$JpaWebConfiguration : spring.jpa.open-in-view is enabled by default. Therefore, database queries may be performed during view rendering. Explicitly configure spring.jpa.open-in-view to disable this warning
2025-02-14T17:04:55.274+07:00 DEBUG 22036 --- [demo] [main] s.w.s.m.m.a.RequestMappingHandlerMapping : 4 mappings in 'requestMappingHandlerMapping'
2025-02-14T17:04:55.447+07:00 DEBUG 22036 --- [demo] [main] o.s.w.s.handler.SimpleUrlHandlerMapping  : Patterns [/webjars/**, /**] in 'resourceHandlerMapping'
2025-02-14T17:04:55.503+07:00 DEBUG 22036 --- [demo] [main] s.w.s.m.m.a.RequestMappingHandlerAdapter : ControllerAdvice beans: 0 @ModelAttribute, 0 @InitBinder, 1 RequestBodyAdvice, 1 ResponseBodyAdvice
2025-02-14T17:04:55.564+07:00 DEBUG 22036 --- [demo] [main] .m.m.a.ExceptionHandlerExceptionResolver : ControllerAdvice beans: 0 @ExceptionHandler, 1 ResponseBodyAdvice
2025-02-14T17:04:55.882+07:00  INFO 22036 --- [demo] [main] o.s.s.web.DefaultSecurityFilterChain     : Will secure any request with [org.springframework.security.web.session.DisableEncodeUrlFilter@67cd1db3, org.springframework.security.web.context.request.async.WebAsyncManagerIntegrationFilter@7ccfed46, org.springframework.security.web.context.SecurityContextHolderFilter@7def62d0, org.springframework.security.web.header.HeaderWriterFilter@53cba89f, org.springframework.web.filter.CorsFilter@53630682, org.springframework.security.web.csrf.CsrfFilter@259ae1a9, org.springframework.security.web.authentication.logout.LogoutFilter@6e669b5c, org.springframework.security.web.authentication.UsernamePasswordAuthenticationFilter@5be8a92c, org.springframework.security.web.authentication.ui.DefaultLoginPageGeneratingFilter@15c8b75c, org.springframework.security.web.authentication.ui.DefaultLogoutPageGeneratingFilter@71e2ddd, org.springframework.security.web.authentication.www.BasicAuthenticationFilter@7a3ab73a, org.springframework.security.web.savedrequest.RequestCacheAwareFilter@7ec5d3e1, org.springframework.security.web.servletapi.SecurityContextHolderAwareRequestFilter@3b235623, org.springframework.security.web.authentication.AnonymousAuthenticationFilter@8318808, org.springframework.security.web.access.ExceptionTranslationFilter@153cf928, org.springframework.security.web.access.intercept.AuthorizationFilter@4ffcb1bd]
2025-02-14T17:04:55.949+07:00  INFO 22036 --- [demo] [main] c.p.demo.DemoApplicationTests            : Started DemoApplicationTests in 4.933 seconds (process running for 6.128)
2025-02-14T17:04:56.803+07:00 DEBUG 22036 --- [demo] [SpringApplicationShutdownHook] o.s.w.c.s.GenericWebApplicationContext   : Closing org.springframework.web.context.support.GenericWebApplicationContext@4201a617, started on Fri Feb 14 17:04:51 ICT 2025
2025-02-14T17:04:56.808+07:00  INFO 22036 --- [demo] [SpringApplicationShutdownHook] j.LocalContainerEntityManagerFactoryBean : Closing JPA EntityManagerFactory for persistence unit 'default'
2025-02-14T17:04:56.810+07:00  INFO 22036 --- [demo] [SpringApplicationShutdownHook] com.zaxxer.hikari.HikariDataSource       : HikariPool-1 - Shutdown initiated...
2025-02-14T17:04:56.819+07:00  INFO 22036 --- [demo] [SpringApplicationShutdownHook] com.zaxxer.hikari.HikariDataSource       : HikariPool-1 - Shutdown completed.
2025-02-14T19:28:27.083+07:00  INFO 26016 --- [demo] [main] c.p.demo.DemoApplicationTests            : Starting DemoApplicationTests using Java 21.0.6 with PID 26016 (started by dat.vothanh in D:\Java-learning\demo)
2025-02-14T19:28:27.084+07:00  INFO 26016 --- [demo] [main] c.p.demo.DemoApplicationTests            : No active profile set, falling back to 1 default profile: "default"
2025-02-14T19:28:27.118+07:00 DEBUG 26016 --- [demo] [main] o.s.w.c.s.GenericWebApplicationContext   : Refreshing org.springframework.web.context.support.GenericWebApplicationContext@4201a617
2025-02-14T19:28:27.868+07:00  INFO 26016 --- [demo] [main] .s.d.r.c.RepositoryConfigurationDelegate : Bootstrapping Spring Data JPA repositories in DEFAULT mode.
2025-02-14T19:28:27.931+07:00  INFO 26016 --- [demo] [main] .s.d.r.c.RepositoryConfigurationDelegate : Finished Spring Data repository scanning in 55 ms. Found 1 JPA repository interface.
2025-02-14T19:28:28.465+07:00  INFO 26016 --- [demo] [main] com.zaxxer.hikari.HikariDataSource       : HikariPool-1 - Starting...
2025-02-14T19:28:28.757+07:00  INFO 26016 --- [demo] [main] com.zaxxer.hikari.pool.HikariPool        : HikariPool-1 - Added connection com.mysql.cj.jdbc.ConnectionImpl@55e1192
2025-02-14T19:28:28.760+07:00  INFO 26016 --- [demo] [main] com.zaxxer.hikari.HikariDataSource       : HikariPool-1 - Start completed.
2025-02-14T19:28:29.244+07:00  INFO 26016 --- [demo] [main] o.s.o.j.p.SpringPersistenceUnitInfo      : No LoadTimeWeaver setup: ignoring JPA class transformer
2025-02-14T19:28:30.178+07:00  INFO 26016 --- [demo] [main] j.LocalContainerEntityManagerFactoryBean : Initialized JPA EntityManagerFactory for persistence unit 'default'
2025-02-14T19:28:30.756+07:00  WARN 26016 --- [demo] [main] JpaBaseConfiguration$JpaWebConfiguration : spring.jpa.open-in-view is enabled by default. Therefore, database queries may be performed during view rendering. Explicitly configure spring.jpa.open-in-view to disable this warning
2025-02-14T19:28:30.870+07:00 DEBUG 26016 --- [demo] [main] s.w.s.m.m.a.RequestMappingHandlerMapping : 4 mappings in 'requestMappingHandlerMapping'
2025-02-14T19:28:31.025+07:00 DEBUG 26016 --- [demo] [main] o.s.w.s.handler.SimpleUrlHandlerMapping  : Patterns [/webjars/**, /**] in 'resourceHandlerMapping'
2025-02-14T19:28:31.081+07:00 DEBUG 26016 --- [demo] [main] s.w.s.m.m.a.RequestMappingHandlerAdapter : ControllerAdvice beans: 0 @ModelAttribute, 0 @InitBinder, 1 RequestBodyAdvice, 1 ResponseBodyAdvice
2025-02-14T19:28:31.133+07:00 DEBUG 26016 --- [demo] [main] .m.m.a.ExceptionHandlerExceptionResolver : ControllerAdvice beans: 0 @ExceptionHandler, 1 ResponseBodyAdvice
2025-02-14T19:28:31.429+07:00  INFO 26016 --- [demo] [main] o.s.s.web.DefaultSecurityFilterChain     : Will secure any request with [org.springframework.security.web.session.DisableEncodeUrlFilter@67cd1db3, org.springframework.security.web.context.request.async.WebAsyncManagerIntegrationFilter@7ccfed46, org.springframework.security.web.context.SecurityContextHolderFilter@7def62d0, org.springframework.security.web.header.HeaderWriterFilter@53cba89f, org.springframework.web.filter.CorsFilter@53630682, org.springframework.security.web.csrf.CsrfFilter@259ae1a9, org.springframework.security.web.authentication.logout.LogoutFilter@6e669b5c, org.springframework.security.web.authentication.UsernamePasswordAuthenticationFilter@5be8a92c, org.springframework.security.web.authentication.ui.DefaultLoginPageGeneratingFilter@15c8b75c, org.springframework.security.web.authentication.ui.DefaultLogoutPageGeneratingFilter@71e2ddd, org.springframework.security.web.authentication.www.BasicAuthenticationFilter@7a3ab73a, org.springframework.security.web.savedrequest.RequestCacheAwareFilter@7ec5d3e1, org.springframework.security.web.servletapi.SecurityContextHolderAwareRequestFilter@3b235623, org.springframework.security.web.authentication.AnonymousAuthenticationFilter@8318808, org.springframework.security.web.access.ExceptionTranslationFilter@153cf928, org.springframework.security.web.access.intercept.AuthorizationFilter@4ffcb1bd]
2025-02-14T19:28:31.483+07:00  INFO 26016 --- [demo] [main] c.p.demo.DemoApplicationTests            : Started DemoApplicationTests in 4.698 seconds (process running for 5.928)
2025-02-14T19:28:32.174+07:00 DEBUG 26016 --- [demo] [SpringApplicationShutdownHook] o.s.w.c.s.GenericWebApplicationContext   : Closing org.springframework.web.context.support.GenericWebApplicationContext@4201a617, started on Fri Feb 14 19:28:27 ICT 2025
2025-02-14T19:28:32.178+07:00  INFO 26016 --- [demo] [SpringApplicationShutdownHook] j.LocalContainerEntityManagerFactoryBean : Closing JPA EntityManagerFactory for persistence unit 'default'
2025-02-14T19:28:32.181+07:00  INFO 26016 --- [demo] [SpringApplicationShutdownHook] com.zaxxer.hikari.HikariDataSource       : HikariPool-1 - Shutdown initiated...
2025-02-14T19:28:32.190+07:00  INFO 26016 --- [demo] [SpringApplicationShutdownHook] com.zaxxer.hikari.HikariDataSource       : HikariPool-1 - Shutdown completed.
2025-02-14T19:28:58.996+07:00  INFO 17628 --- [demo] [restartedMain] c.p.demo.DemoApplication                 : Starting DemoApplication using Java 23.0.2 with PID 17628 (D:\Java-learning\demo\target\classes started by dat.vothanh in D:\Java-learning\demo)
2025-02-14T19:28:58.998+07:00  INFO 17628 --- [demo] [restartedMain] c.p.demo.DemoApplication                 : No active profile set, falling back to 1 default profile: "default"
2025-02-14T19:28:59.061+07:00  INFO 17628 --- [demo] [restartedMain] .e.DevToolsPropertyDefaultsPostProcessor : Devtools property defaults active! Set 'spring.devtools.add-properties' to 'false' to disable
2025-02-14T19:28:59.061+07:00  INFO 17628 --- [demo] [restartedMain] .e.DevToolsPropertyDefaultsPostProcessor : For additional web related logging consider setting the 'logging.level.web' property to 'DEBUG'
2025-02-14T19:28:59.865+07:00  INFO 17628 --- [demo] [restartedMain] .s.d.r.c.RepositoryConfigurationDelegate : Bootstrapping Spring Data JPA repositories in DEFAULT mode.
2025-02-14T19:28:59.930+07:00  INFO 17628 --- [demo] [restartedMain] .s.d.r.c.RepositoryConfigurationDelegate : Finished Spring Data repository scanning in 57 ms. Found 1 JPA repository interface.
2025-02-14T19:29:00.550+07:00  INFO 17628 --- [demo] [restartedMain] o.s.b.w.embedded.tomcat.TomcatWebServer  : Tomcat initialized with port 8080 (http)
2025-02-14T19:29:00.561+07:00  INFO 17628 --- [demo] [restartedMain] o.apache.catalina.core.StandardService   : Starting service [Tomcat]
2025-02-14T19:29:00.561+07:00  INFO 17628 --- [demo] [restartedMain] o.apache.catalina.core.StandardEngine    : Starting Servlet engine: [Apache Tomcat/10.1.18]
2025-02-14T19:29:00.612+07:00  INFO 17628 --- [demo] [restartedMain] o.a.c.c.C.[Tomcat].[localhost].[/]       : Initializing Spring embedded WebApplicationContext
2025-02-14T19:29:00.612+07:00  INFO 17628 --- [demo] [restartedMain] w.s.c.ServletWebServerApplicationContext : Root WebApplicationContext: initialization completed in 1551 ms
2025-02-14T19:29:00.740+07:00  INFO 17628 --- [demo] [restartedMain] com.zaxxer.hikari.HikariDataSource       : HikariPool-1 - Starting...
2025-02-14T19:29:00.894+07:00  INFO 17628 --- [demo] [restartedMain] com.zaxxer.hikari.pool.HikariPool        : HikariPool-1 - Added connection com.mysql.cj.jdbc.ConnectionImpl@507f0f34
2025-02-14T19:29:00.896+07:00  INFO 17628 --- [demo] [restartedMain] com.zaxxer.hikari.HikariDataSource       : HikariPool-1 - Start completed.
2025-02-14T19:29:01.225+07:00  INFO 17628 --- [demo] [restartedMain] o.s.o.j.p.SpringPersistenceUnitInfo      : No LoadTimeWeaver setup: ignoring JPA class transformer
2025-02-14T19:29:02.026+07:00  INFO 17628 --- [demo] [restartedMain] j.LocalContainerEntityManagerFactoryBean : Initialized JPA EntityManagerFactory for persistence unit 'default'
2025-02-14T19:29:02.356+07:00  WARN 17628 --- [demo] [restartedMain] JpaBaseConfiguration$JpaWebConfiguration : spring.jpa.open-in-view is enabled by default. Therefore, database queries may be performed during view rendering. Explicitly configure spring.jpa.open-in-view to disable this warning
2025-02-14T19:29:02.430+07:00 DEBUG 17628 --- [demo] [restartedMain] s.w.s.m.m.a.RequestMappingHandlerMapping : 4 mappings in 'requestMappingHandlerMapping'
2025-02-14T19:29:02.503+07:00 DEBUG 17628 --- [demo] [restartedMain] o.s.w.s.handler.SimpleUrlHandlerMapping  : Patterns [/webjars/**, /**] in 'resourceHandlerMapping'
2025-02-14T19:29:02.529+07:00 DEBUG 17628 --- [demo] [restartedMain] s.w.s.m.m.a.RequestMappingHandlerAdapter : ControllerAdvice beans: 0 @ModelAttribute, 0 @InitBinder, 1 RequestBodyAdvice, 1 ResponseBodyAdvice
2025-02-14T19:29:02.555+07:00 DEBUG 17628 --- [demo] [restartedMain] .m.m.a.ExceptionHandlerExceptionResolver : ControllerAdvice beans: 0 @ExceptionHandler, 1 ResponseBodyAdvice
2025-02-14T19:29:02.755+07:00  INFO 17628 --- [demo] [restartedMain] o.s.s.web.DefaultSecurityFilterChain     : Will secure any request with [org.springframework.security.web.session.DisableEncodeUrlFilter@34be24bc, org.springframework.security.web.context.request.async.WebAsyncManagerIntegrationFilter@18565836, org.springframework.security.web.context.SecurityContextHolderFilter@43997fa0, org.springframework.security.web.header.HeaderWriterFilter@273c34e, org.springframework.web.filter.CorsFilter@1fd56706, org.springframework.security.web.csrf.CsrfFilter@3a788605, org.springframework.security.web.authentication.logout.LogoutFilter@721cdb50, org.springframework.security.web.authentication.UsernamePasswordAuthenticationFilter@27042d59, org.springframework.security.web.authentication.ui.DefaultLoginPageGeneratingFilter@1c62a988, org.springframework.security.web.authentication.ui.DefaultLogoutPageGeneratingFilter@6be3552d, org.springframework.security.web.authentication.www.BasicAuthenticationFilter@26442802, org.springframework.security.web.savedrequest.RequestCacheAwareFilter@3eb55bf3, org.springframework.security.web.servletapi.SecurityContextHolderAwareRequestFilter@52471aea, org.springframework.security.web.authentication.AnonymousAuthenticationFilter@2e3d1729, org.springframework.security.web.access.ExceptionTranslationFilter@cf9ae36, org.springframework.security.web.access.intercept.AuthorizationFilter@51da91a0]
2025-02-14T19:29:02.792+07:00  INFO 17628 --- [demo] [restartedMain] o.s.b.d.a.OptionalLiveReloadServer       : LiveReload server is running on port 35729
2025-02-14T19:29:02.835+07:00  INFO 17628 --- [demo] [restartedMain] o.s.b.w.embedded.tomcat.TomcatWebServer  : Tomcat started on port 8080 (http) with context path ''
2025-02-14T19:29:02.841+07:00  INFO 17628 --- [demo] [restartedMain] c.p.demo.DemoApplication                 : Started DemoApplication in 4.356 seconds (process running for 5.623)
2025-02-14T19:29:46.589+07:00  INFO 17628 --- [demo] [http-nio-8080-exec-1] o.a.c.c.C.[Tomcat].[localhost].[/]       : Initializing Spring DispatcherServlet 'dispatcherServlet'
2025-02-14T19:29:46.589+07:00  INFO 17628 --- [demo] [http-nio-8080-exec-1] o.s.web.servlet.DispatcherServlet        : Initializing Servlet 'dispatcherServlet'
2025-02-14T19:29:46.590+07:00 DEBUG 17628 --- [demo] [http-nio-8080-exec-1] o.s.web.servlet.DispatcherServlet        : Detected StandardServletMultipartResolver
2025-02-14T19:29:46.590+07:00 DEBUG 17628 --- [demo] [http-nio-8080-exec-1] o.s.web.servlet.DispatcherServlet        : Detected AcceptHeaderLocaleResolver
2025-02-14T19:29:46.590+07:00 DEBUG 17628 --- [demo] [http-nio-8080-exec-1] o.s.web.servlet.DispatcherServlet        : Detected FixedThemeResolver
2025-02-14T19:29:46.591+07:00 DEBUG 17628 --- [demo] [http-nio-8080-exec-1] o.s.web.servlet.DispatcherServlet        : Detected org.springframework.web.servlet.view.DefaultRequestToViewNameTranslator@4b3f88
2025-02-14T19:29:46.592+07:00 DEBUG 17628 --- [demo] [http-nio-8080-exec-1] o.s.web.servlet.DispatcherServlet        : Detected org.springframework.web.servlet.support.SessionFlashMapManager@18b0e899
2025-02-14T19:29:46.592+07:00 DEBUG 17628 --- [demo] [http-nio-8080-exec-1] o.s.web.servlet.DispatcherServlet        : enableLoggingRequestDetails='false': request parameters and headers will be masked to prevent unsafe logging of potentially sensitive data
2025-02-14T19:29:46.592+07:00  INFO 17628 --- [demo] [http-nio-8080-exec-1] o.s.web.servlet.DispatcherServlet        : Completed initialization in 3 ms
2025-02-14T19:29:46.770+07:00 DEBUG 17628 --- [demo] [http-nio-8080-exec-1] o.s.web.servlet.DispatcherServlet        : GET "/user/get-by-email", parameters={}
2025-02-14T19:29:46.771+07:00 DEBUG 17628 --- [demo] [http-nio-8080-exec-1] s.w.s.m.m.a.RequestMappingHandlerMapping : Mapped to com.project_management.demo.controller.UserController#getUserByEmail(String)
2025-02-14T19:29:46.784+07:00 DEBUG 17628 --- [demo] [http-nio-8080-exec-1] o.s.web.method.HandlerMethod             : Could not resolve parameter [0] in public com.project_management.demo.dto.ResponseDTO<com.project_management.demo.dto.UserDTO> com.project_management.demo.controller.UserController.getUserByEmail(java.lang.String): Required request parameter 'email' for method parameter type String is not present
2025-02-14T19:29:46.789+07:00  WARN 17628 --- [demo] [http-nio-8080-exec-1] .w.s.m.s.DefaultHandlerExceptionResolver : Resolved [org.springframework.web.bind.MissingServletRequestParameterException: Required request parameter 'email' for method parameter type String is not present]
2025-02-14T19:29:46.790+07:00 DEBUG 17628 --- [demo] [http-nio-8080-exec-1] o.s.web.servlet.DispatcherServlet        : Completed 400 BAD_REQUEST
2025-02-14T19:29:46.797+07:00 DEBUG 17628 --- [demo] [http-nio-8080-exec-1] o.s.web.servlet.DispatcherServlet        : "ERROR" dispatch for GET "/error", parameters={}
2025-02-14T19:29:46.798+07:00 DEBUG 17628 --- [demo] [http-nio-8080-exec-1] s.w.s.m.m.a.RequestMappingHandlerMapping : Mapped to org.springframework.boot.autoconfigure.web.servlet.error.BasicErrorController#error(HttpServletRequest)
2025-02-14T19:29:46.823+07:00 DEBUG 17628 --- [demo] [http-nio-8080-exec-1] o.s.w.s.m.m.a.HttpEntityMethodProcessor  : Using 'application/json', given [*/*] and supported [application/json, application/*+json]
2025-02-14T19:29:46.824+07:00 DEBUG 17628 --- [demo] [http-nio-8080-exec-1] o.s.w.s.m.m.a.HttpEntityMethodProcessor  : Writing [{timestamp=Fri Feb 14 19:29:46 GMT+07:00 2025, status=400, error=Bad Request, trace=org.springframew (truncated)...]
2025-02-14T19:29:46.856+07:00 DEBUG 17628 --- [demo] [http-nio-8080-exec-1] o.s.web.servlet.DispatcherServlet        : Exiting from "ERROR" dispatch, status 400
2025-02-14T19:30:12.902+07:00 DEBUG 17628 --- [demo] [http-nio-8080-exec-4] o.s.web.servlet.DispatcherServlet        : GET "/user/get-by-email", parameters={}
2025-02-14T19:30:12.902+07:00 DEBUG 17628 --- [demo] [http-nio-8080-exec-4] s.w.s.m.m.a.RequestMappingHandlerMapping : Mapped to com.project_management.demo.controller.UserController#getUserByEmail(String)
2025-02-14T19:30:12.903+07:00 DEBUG 17628 --- [demo] [http-nio-8080-exec-4] o.s.web.method.HandlerMethod             : Could not resolve parameter [0] in public com.project_management.demo.dto.ResponseDTO<com.project_management.demo.dto.UserDTO> com.project_management.demo.controller.UserController.getUserByEmail(java.lang.String): Required request parameter 'email' for method parameter type String is not present
2025-02-14T19:30:12.903+07:00  WARN 17628 --- [demo] [http-nio-8080-exec-4] .w.s.m.s.DefaultHandlerExceptionResolver : Resolved [org.springframework.web.bind.MissingServletRequestParameterException: Required request parameter 'email' for method parameter type String is not present]
2025-02-14T19:30:12.904+07:00 DEBUG 17628 --- [demo] [http-nio-8080-exec-4] o.s.web.servlet.DispatcherServlet        : Completed 400 BAD_REQUEST
2025-02-14T19:30:12.904+07:00 DEBUG 17628 --- [demo] [http-nio-8080-exec-4] o.s.web.servlet.DispatcherServlet        : "ERROR" dispatch for GET "/error", parameters={}
2025-02-14T19:30:12.905+07:00 DEBUG 17628 --- [demo] [http-nio-8080-exec-4] s.w.s.m.m.a.RequestMappingHandlerMapping : Mapped to org.springframework.boot.autoconfigure.web.servlet.error.BasicErrorController#error(HttpServletRequest)
2025-02-14T19:30:12.905+07:00 DEBUG 17628 --- [demo] [http-nio-8080-exec-4] o.s.w.s.m.m.a.HttpEntityMethodProcessor  : Using 'application/json', given [*/*] and supported [application/json, application/*+json]
2025-02-14T19:30:12.906+07:00 DEBUG 17628 --- [demo] [http-nio-8080-exec-4] o.s.w.s.m.m.a.HttpEntityMethodProcessor  : Writing [{timestamp=Fri Feb 14 19:30:12 GMT+07:00 2025, status=400, error=Bad Request, trace=org.springframew (truncated)...]
2025-02-14T19:30:12.907+07:00 DEBUG 17628 --- [demo] [http-nio-8080-exec-4] o.s.web.servlet.DispatcherServlet        : Exiting from "ERROR" dispatch, status 400
2025-02-14T19:30:29.066+07:00  INFO 17628 --- [demo] [SpringApplicationShutdownHook] j.LocalContainerEntityManagerFactoryBean : Closing JPA EntityManagerFactory for persistence unit 'default'
2025-02-14T19:30:29.071+07:00  INFO 17628 --- [demo] [SpringApplicationShutdownHook] com.zaxxer.hikari.HikariDataSource       : HikariPool-1 - Shutdown initiated...
2025-02-14T19:30:29.080+07:00  INFO 17628 --- [demo] [SpringApplicationShutdownHook] com.zaxxer.hikari.HikariDataSource       : HikariPool-1 - Shutdown completed.
2025-02-14T19:30:35.254+07:00  INFO 24924 --- [demo] [restartedMain] c.p.demo.DemoApplication                 : Starting DemoApplication using Java 23.0.2 with PID 24924 (D:\Java-learning\demo\target\classes started by dat.vothanh in D:\Java-learning\demo)
2025-02-14T19:30:35.256+07:00  INFO 24924 --- [demo] [restartedMain] c.p.demo.DemoApplication                 : No active profile set, falling back to 1 default profile: "default"
2025-02-14T19:30:35.319+07:00  INFO 24924 --- [demo] [restartedMain] .e.DevToolsPropertyDefaultsPostProcessor : Devtools property defaults active! Set 'spring.devtools.add-properties' to 'false' to disable
2025-02-14T19:30:35.320+07:00  INFO 24924 --- [demo] [restartedMain] .e.DevToolsPropertyDefaultsPostProcessor : For additional web related logging consider setting the 'logging.level.web' property to 'DEBUG'
2025-02-14T19:30:36.001+07:00  INFO 24924 --- [demo] [restartedMain] .s.d.r.c.RepositoryConfigurationDelegate : Bootstrapping Spring Data JPA repositories in DEFAULT mode.
2025-02-14T19:30:36.052+07:00  INFO 24924 --- [demo] [restartedMain] .s.d.r.c.RepositoryConfigurationDelegate : Finished Spring Data repository scanning in 45 ms. Found 1 JPA repository interface.
2025-02-14T19:30:36.545+07:00  INFO 24924 --- [demo] [restartedMain] o.s.b.w.embedded.tomcat.TomcatWebServer  : Tomcat initialized with port 8080 (http)
2025-02-14T19:30:36.554+07:00  INFO 24924 --- [demo] [restartedMain] o.apache.catalina.core.StandardService   : Starting service [Tomcat]
2025-02-14T19:30:36.554+07:00  INFO 24924 --- [demo] [restartedMain] o.apache.catalina.core.StandardEngine    : Starting Servlet engine: [Apache Tomcat/10.1.18]
2025-02-14T19:30:36.598+07:00  INFO 24924 --- [demo] [restartedMain] o.a.c.c.C.[Tomcat].[localhost].[/]       : Initializing Spring embedded WebApplicationContext
2025-02-14T19:30:36.599+07:00  INFO 24924 --- [demo] [restartedMain] w.s.c.ServletWebServerApplicationContext : Root WebApplicationContext: initialization completed in 1279 ms
2025-02-14T19:30:36.700+07:00  INFO 24924 --- [demo] [restartedMain] com.zaxxer.hikari.HikariDataSource       : HikariPool-1 - Starting...
2025-02-14T19:30:36.846+07:00  INFO 24924 --- [demo] [restartedMain] com.zaxxer.hikari.pool.HikariPool        : HikariPool-1 - Added connection com.mysql.cj.jdbc.ConnectionImpl@1e7dc658
2025-02-14T19:30:36.848+07:00  INFO 24924 --- [demo] [restartedMain] com.zaxxer.hikari.HikariDataSource       : HikariPool-1 - Start completed.
2025-02-14T19:30:37.210+07:00  INFO 24924 --- [demo] [restartedMain] o.s.o.j.p.SpringPersistenceUnitInfo      : No LoadTimeWeaver setup: ignoring JPA class transformer
2025-02-14T19:30:38.071+07:00  INFO 24924 --- [demo] [restartedMain] j.LocalContainerEntityManagerFactoryBean : Initialized JPA EntityManagerFactory for persistence unit 'default'
2025-02-14T19:30:38.366+07:00  WARN 24924 --- [demo] [restartedMain] JpaBaseConfiguration$JpaWebConfiguration : spring.jpa.open-in-view is enabled by default. Therefore, database queries may be performed during view rendering. Explicitly configure spring.jpa.open-in-view to disable this warning
2025-02-14T19:30:38.434+07:00 DEBUG 24924 --- [demo] [restartedMain] s.w.s.m.m.a.RequestMappingHandlerMapping : 4 mappings in 'requestMappingHandlerMapping'
2025-02-14T19:30:38.497+07:00 DEBUG 24924 --- [demo] [restartedMain] o.s.w.s.handler.SimpleUrlHandlerMapping  : Patterns [/webjars/**, /**] in 'resourceHandlerMapping'
2025-02-14T19:30:38.521+07:00 DEBUG 24924 --- [demo] [restartedMain] s.w.s.m.m.a.RequestMappingHandlerAdapter : ControllerAdvice beans: 0 @ModelAttribute, 0 @InitBinder, 1 RequestBodyAdvice, 1 ResponseBodyAdvice
2025-02-14T19:30:38.548+07:00 DEBUG 24924 --- [demo] [restartedMain] .m.m.a.ExceptionHandlerExceptionResolver : ControllerAdvice beans: 0 @ExceptionHandler, 1 ResponseBodyAdvice
2025-02-14T19:30:38.732+07:00  INFO 24924 --- [demo] [restartedMain] o.s.s.web.DefaultSecurityFilterChain     : Will secure any request with [org.springframework.security.web.session.DisableEncodeUrlFilter@6a55fcec, org.springframework.security.web.context.request.async.WebAsyncManagerIntegrationFilter@56cadd41, org.springframework.security.web.context.SecurityContextHolderFilter@6e07aee9, org.springframework.security.web.header.HeaderWriterFilter@43fc77fb, org.springframework.web.filter.CorsFilter@74dfec80, org.springframework.security.web.csrf.CsrfFilter@5c030498, org.springframework.security.web.authentication.logout.LogoutFilter@e52febd, org.springframework.security.web.authentication.UsernamePasswordAuthenticationFilter@30dba34b, org.springframework.security.web.authentication.ui.DefaultLoginPageGeneratingFilter@3e0a6f35, org.springframework.security.web.authentication.ui.DefaultLogoutPageGeneratingFilter@6af14bff, org.springframework.security.web.authentication.www.BasicAuthenticationFilter@3f53bc84, org.springframework.security.web.savedrequest.RequestCacheAwareFilter@39b3bc46, org.springframework.security.web.servletapi.SecurityContextHolderAwareRequestFilter@6a999a0d, org.springframework.security.web.authentication.AnonymousAuthenticationFilter@2f8678d1, org.springframework.security.web.access.ExceptionTranslationFilter@5c76dab4, org.springframework.security.web.access.intercept.AuthorizationFilter@4d213eba]
2025-02-14T19:30:38.771+07:00  INFO 24924 --- [demo] [restartedMain] o.s.b.d.a.OptionalLiveReloadServer       : LiveReload server is running on port 35729
2025-02-14T19:30:38.813+07:00  INFO 24924 --- [demo] [restartedMain] o.s.b.w.embedded.tomcat.TomcatWebServer  : Tomcat started on port 8080 (http) with context path ''
2025-02-14T19:30:38.820+07:00  INFO 24924 --- [demo] [restartedMain] c.p.demo.DemoApplication                 : Started DemoApplication in 4.063 seconds (process running for 5.033)
2025-02-14T19:30:51.732+07:00  INFO 24924 --- [demo] [SpringApplicationShutdownHook] j.LocalContainerEntityManagerFactoryBean : Closing JPA EntityManagerFactory for persistence unit 'default'
2025-02-14T19:30:51.736+07:00  INFO 24924 --- [demo] [SpringApplicationShutdownHook] com.zaxxer.hikari.HikariDataSource       : HikariPool-1 - Shutdown initiated...
2025-02-14T19:30:51.748+07:00  INFO 24924 --- [demo] [SpringApplicationShutdownHook] com.zaxxer.hikari.HikariDataSource       : HikariPool-1 - Shutdown completed.
2025-02-14T19:30:56.605+07:00  INFO 24916 --- [demo] [restartedMain] c.p.demo.DemoApplication                 : Starting DemoApplication using Java 23.0.2 with PID 24916 (D:\Java-learning\demo\target\classes started by dat.vothanh in D:\Java-learning\demo)
2025-02-14T19:30:56.607+07:00  INFO 24916 --- [demo] [restartedMain] c.p.demo.DemoApplication                 : No active profile set, falling back to 1 default profile: "default"
2025-02-14T19:30:56.670+07:00  INFO 24916 --- [demo] [restartedMain] .e.DevToolsPropertyDefaultsPostProcessor : Devtools property defaults active! Set 'spring.devtools.add-properties' to 'false' to disable
2025-02-14T19:30:56.671+07:00  INFO 24916 --- [demo] [restartedMain] .e.DevToolsPropertyDefaultsPostProcessor : For additional web related logging consider setting the 'logging.level.web' property to 'DEBUG'
2025-02-14T19:30:57.365+07:00  INFO 24916 --- [demo] [restartedMain] .s.d.r.c.RepositoryConfigurationDelegate : Bootstrapping Spring Data JPA repositories in DEFAULT mode.
2025-02-14T19:30:57.412+07:00  INFO 24916 --- [demo] [restartedMain] .s.d.r.c.RepositoryConfigurationDelegate : Finished Spring Data repository scanning in 41 ms. Found 1 JPA repository interface.
2025-02-14T19:30:57.900+07:00  INFO 24916 --- [demo] [restartedMain] o.s.b.w.embedded.tomcat.TomcatWebServer  : Tomcat initialized with port 8080 (http)
2025-02-14T19:30:57.910+07:00  INFO 24916 --- [demo] [restartedMain] o.apache.catalina.core.StandardService   : Starting service [Tomcat]
2025-02-14T19:30:57.910+07:00  INFO 24916 --- [demo] [restartedMain] o.apache.catalina.core.StandardEngine    : Starting Servlet engine: [Apache Tomcat/10.1.18]
2025-02-14T19:30:57.962+07:00  INFO 24916 --- [demo] [restartedMain] o.a.c.c.C.[Tomcat].[localhost].[/]       : Initializing Spring embedded WebApplicationContext
2025-02-14T19:30:57.962+07:00  INFO 24916 --- [demo] [restartedMain] w.s.c.ServletWebServerApplicationContext : Root WebApplicationContext: initialization completed in 1291 ms
2025-02-14T19:30:58.086+07:00  INFO 24916 --- [demo] [restartedMain] com.zaxxer.hikari.HikariDataSource       : HikariPool-1 - Starting...
2025-02-14T19:30:58.254+07:00  INFO 24916 --- [demo] [restartedMain] com.zaxxer.hikari.pool.HikariPool        : HikariPool-1 - Added connection com.mysql.cj.jdbc.ConnectionImpl@7f88c22d
2025-02-14T19:30:58.256+07:00  INFO 24916 --- [demo] [restartedMain] com.zaxxer.hikari.HikariDataSource       : HikariPool-1 - Start completed.
2025-02-14T19:30:58.582+07:00  INFO 24916 --- [demo] [restartedMain] o.s.o.j.p.SpringPersistenceUnitInfo      : No LoadTimeWeaver setup: ignoring JPA class transformer
2025-02-14T19:30:59.406+07:00  INFO 24916 --- [demo] [restartedMain] j.LocalContainerEntityManagerFactoryBean : Initialized JPA EntityManagerFactory for persistence unit 'default'
2025-02-14T19:30:59.697+07:00  WARN 24916 --- [demo] [restartedMain] JpaBaseConfiguration$JpaWebConfiguration : spring.jpa.open-in-view is enabled by default. Therefore, database queries may be performed during view rendering. Explicitly configure spring.jpa.open-in-view to disable this warning
2025-02-14T19:30:59.762+07:00 DEBUG 24916 --- [demo] [restartedMain] s.w.s.m.m.a.RequestMappingHandlerMapping : 4 mappings in 'requestMappingHandlerMapping'
2025-02-14T19:30:59.826+07:00 DEBUG 24916 --- [demo] [restartedMain] o.s.w.s.handler.SimpleUrlHandlerMapping  : Patterns [/webjars/**, /**] in 'resourceHandlerMapping'
2025-02-14T19:30:59.851+07:00 DEBUG 24916 --- [demo] [restartedMain] s.w.s.m.m.a.RequestMappingHandlerAdapter : ControllerAdvice beans: 0 @ModelAttribute, 0 @InitBinder, 1 RequestBodyAdvice, 1 ResponseBodyAdvice
2025-02-14T19:30:59.876+07:00 DEBUG 24916 --- [demo] [restartedMain] .m.m.a.ExceptionHandlerExceptionResolver : ControllerAdvice beans: 0 @ExceptionHandler, 1 ResponseBodyAdvice
2025-02-14T19:31:00.061+07:00  INFO 24916 --- [demo] [restartedMain] o.s.s.web.DefaultSecurityFilterChain     : Will secure any request with [org.springframework.security.web.session.DisableEncodeUrlFilter@5fb8f322, org.springframework.security.web.context.request.async.WebAsyncManagerIntegrationFilter@6eeec410, org.springframework.security.web.context.SecurityContextHolderFilter@5787c167, org.springframework.security.web.header.HeaderWriterFilter@3ad3c8e5, org.springframework.web.filter.CorsFilter@8c23e02, org.springframework.security.web.csrf.CsrfFilter@5f6cad2e, org.springframework.security.web.authentication.logout.LogoutFilter@70d9f0ed, org.springframework.security.web.authentication.UsernamePasswordAuthenticationFilter@2a577468, org.springframework.security.web.authentication.ui.DefaultLoginPageGeneratingFilter@1c3b8770, org.springframework.security.web.authentication.ui.DefaultLogoutPageGeneratingFilter@79cf2111, org.springframework.security.web.authentication.www.BasicAuthenticationFilter@6ba1bd62, org.springframework.security.web.savedrequest.RequestCacheAwareFilter@65dddd11, org.springframework.security.web.servletapi.SecurityContextHolderAwareRequestFilter@721cdb50, org.springframework.security.web.authentication.AnonymousAuthenticationFilter@6176fce9, org.springframework.security.web.access.ExceptionTranslationFilter@3adbb602, org.springframework.security.web.access.intercept.AuthorizationFilter@7e5648ae]
2025-02-14T19:31:00.101+07:00  INFO 24916 --- [demo] [restartedMain] o.s.b.d.a.OptionalLiveReloadServer       : LiveReload server is running on port 35729
2025-02-14T19:31:00.147+07:00  INFO 24916 --- [demo] [restartedMain] o.s.b.w.embedded.tomcat.TomcatWebServer  : Tomcat started on port 8080 (http) with context path ''
2025-02-14T19:31:00.154+07:00  INFO 24916 --- [demo] [restartedMain] c.p.demo.DemoApplication                 : Started DemoApplication in 3.993 seconds (process running for 4.942)
2025-02-14T19:31:17.673+07:00  INFO 24916 --- [demo] [http-nio-8080-exec-1] o.a.c.c.C.[Tomcat].[localhost].[/]       : Initializing Spring DispatcherServlet 'dispatcherServlet'
2025-02-14T19:31:17.674+07:00  INFO 24916 --- [demo] [http-nio-8080-exec-1] o.s.web.servlet.DispatcherServlet        : Initializing Servlet 'dispatcherServlet'
2025-02-14T19:31:17.674+07:00 DEBUG 24916 --- [demo] [http-nio-8080-exec-1] o.s.web.servlet.DispatcherServlet        : Detected StandardServletMultipartResolver
2025-02-14T19:31:17.675+07:00 DEBUG 24916 --- [demo] [http-nio-8080-exec-1] o.s.web.servlet.DispatcherServlet        : Detected AcceptHeaderLocaleResolver
2025-02-14T19:31:17.675+07:00 DEBUG 24916 --- [demo] [http-nio-8080-exec-1] o.s.web.servlet.DispatcherServlet        : Detected FixedThemeResolver
2025-02-14T19:31:17.678+07:00 DEBUG 24916 --- [demo] [http-nio-8080-exec-1] o.s.web.servlet.DispatcherServlet        : Detected org.springframework.web.servlet.view.DefaultRequestToViewNameTranslator@1faf433f
2025-02-14T19:31:17.679+07:00 DEBUG 24916 --- [demo] [http-nio-8080-exec-1] o.s.web.servlet.DispatcherServlet        : Detected org.springframework.web.servlet.support.SessionFlashMapManager@e39279d
2025-02-14T19:31:17.680+07:00 DEBUG 24916 --- [demo] [http-nio-8080-exec-1] o.s.web.servlet.DispatcherServlet        : enableLoggingRequestDetails='false': request parameters and headers will be masked to prevent unsafe logging of potentially sensitive data
2025-02-14T19:31:17.681+07:00  INFO 24916 --- [demo] [http-nio-8080-exec-1] o.s.web.servlet.DispatcherServlet        : Completed initialization in 6 ms
2025-02-14T19:31:17.931+07:00 DEBUG 24916 --- [demo] [http-nio-8080-exec-1] o.s.web.servlet.DispatcherServlet        : GET "/user/get-by-email", parameters={}
2025-02-14T19:31:17.933+07:00 DEBUG 24916 --- [demo] [http-nio-8080-exec-1] s.w.s.m.m.a.RequestMappingHandlerMapping : Mapped to com.project_management.demo.controller.UserController#getUserByEmail(String)
2025-02-14T19:31:17.963+07:00 DEBUG 24916 --- [demo] [http-nio-8080-exec-1] o.s.web.method.HandlerMethod             : Could not resolve parameter [0] in public com.project_management.demo.dto.ResponseDTO<com.project_management.demo.dto.UserDTO> com.project_management.demo.controller.UserController.getUserByEmail(java.lang.String): Required request parameter 'email' for method parameter type String is not present
2025-02-14T19:31:17.970+07:00  WARN 24916 --- [demo] [http-nio-8080-exec-1] .w.s.m.s.DefaultHandlerExceptionResolver : Resolved [org.springframework.web.bind.MissingServletRequestParameterException: Required request parameter 'email' for method parameter type String is not present]
2025-02-14T19:31:17.971+07:00 DEBUG 24916 --- [demo] [http-nio-8080-exec-1] o.s.web.servlet.DispatcherServlet        : Completed 400 BAD_REQUEST
2025-02-14T19:31:17.983+07:00 DEBUG 24916 --- [demo] [http-nio-8080-exec-1] o.s.web.servlet.DispatcherServlet        : "ERROR" dispatch for GET "/error", parameters={}
2025-02-14T19:31:17.984+07:00 DEBUG 24916 --- [demo] [http-nio-8080-exec-1] s.w.s.m.m.a.RequestMappingHandlerMapping : Mapped to org.springframework.boot.autoconfigure.web.servlet.error.BasicErrorController#error(HttpServletRequest)
2025-02-14T19:31:18.016+07:00 DEBUG 24916 --- [demo] [http-nio-8080-exec-1] o.s.w.s.m.m.a.HttpEntityMethodProcessor  : Using 'application/json', given [*/*] and supported [application/json, application/*+json]
2025-02-14T19:31:18.020+07:00 DEBUG 24916 --- [demo] [http-nio-8080-exec-1] o.s.w.s.m.m.a.HttpEntityMethodProcessor  : Writing [{timestamp=Fri Feb 14 19:31:17 GMT+07:00 2025, status=400, error=Bad Request, trace=org.springframew (truncated)...]
2025-02-14T19:31:18.080+07:00 DEBUG 24916 --- [demo] [http-nio-8080-exec-1] o.s.web.servlet.DispatcherServlet        : Exiting from "ERROR" dispatch, status 400
2025-02-14T19:31:44.950+07:00 DEBUG 24916 --- [demo] [http-nio-8080-exec-4] o.s.web.servlet.DispatcherServlet        : GET "/user/get-by-email", parameters={}
2025-02-14T19:31:44.951+07:00 DEBUG 24916 --- [demo] [http-nio-8080-exec-4] s.w.s.m.m.a.RequestMappingHandlerMapping : Mapped to com.project_management.demo.controller.UserController#getUserByEmail(String)
2025-02-14T19:31:44.951+07:00 DEBUG 24916 --- [demo] [http-nio-8080-exec-4] o.s.web.method.HandlerMethod             : Could not resolve parameter [0] in public com.project_management.demo.dto.ResponseDTO<com.project_management.demo.dto.UserDTO> com.project_management.demo.controller.UserController.getUserByEmail(java.lang.String): Required request parameter 'email' for method parameter type String is not present
2025-02-14T19:31:44.952+07:00  WARN 24916 --- [demo] [http-nio-8080-exec-4] .w.s.m.s.DefaultHandlerExceptionResolver : Resolved [org.springframework.web.bind.MissingServletRequestParameterException: Required request parameter 'email' for method parameter type String is not present]
2025-02-14T19:31:44.952+07:00 DEBUG 24916 --- [demo] [http-nio-8080-exec-4] o.s.web.servlet.DispatcherServlet        : Completed 400 BAD_REQUEST
2025-02-14T19:31:44.953+07:00 DEBUG 24916 --- [demo] [http-nio-8080-exec-4] o.s.web.servlet.DispatcherServlet        : "ERROR" dispatch for GET "/error", parameters={}
2025-02-14T19:31:44.953+07:00 DEBUG 24916 --- [demo] [http-nio-8080-exec-4] s.w.s.m.m.a.RequestMappingHandlerMapping : Mapped to org.springframework.boot.autoconfigure.web.servlet.error.BasicErrorController#error(HttpServletRequest)
2025-02-14T19:31:44.954+07:00 DEBUG 24916 --- [demo] [http-nio-8080-exec-4] o.s.w.s.m.m.a.HttpEntityMethodProcessor  : Using 'application/json', given [*/*] and supported [application/json, application/*+json]
2025-02-14T19:31:44.955+07:00 DEBUG 24916 --- [demo] [http-nio-8080-exec-4] o.s.w.s.m.m.a.HttpEntityMethodProcessor  : Writing [{timestamp=Fri Feb 14 19:31:44 GMT+07:00 2025, status=400, error=Bad Request, trace=org.springframew (truncated)...]
2025-02-14T19:31:44.956+07:00 DEBUG 24916 --- [demo] [http-nio-8080-exec-4] o.s.web.servlet.DispatcherServlet        : Exiting from "ERROR" dispatch, status 400
2025-02-14T19:32:13.210+07:00  INFO 24916 --- [demo] [SpringApplicationShutdownHook] j.LocalContainerEntityManagerFactoryBean : Closing JPA EntityManagerFactory for persistence unit 'default'
2025-02-14T19:32:13.214+07:00  INFO 24916 --- [demo] [SpringApplicationShutdownHook] com.zaxxer.hikari.HikariDataSource       : HikariPool-1 - Shutdown initiated...
2025-02-14T19:32:13.221+07:00  INFO 24916 --- [demo] [SpringApplicationShutdownHook] com.zaxxer.hikari.HikariDataSource       : HikariPool-1 - Shutdown completed.
2025-02-14T19:32:19.904+07:00  INFO 1748 --- [demo] [restartedMain] c.p.demo.DemoApplication                 : Starting DemoApplication using Java 23.0.2 with PID 1748 (D:\Java-learning\demo\target\classes started by dat.vothanh in D:\Java-learning\demo)
2025-02-14T19:32:19.907+07:00  INFO 1748 --- [demo] [restartedMain] c.p.demo.DemoApplication                 : No active profile set, falling back to 1 default profile: "default"
2025-02-14T19:32:19.982+07:00  INFO 1748 --- [demo] [restartedMain] .e.DevToolsPropertyDefaultsPostProcessor : Devtools property defaults active! Set 'spring.devtools.add-properties' to 'false' to disable
2025-02-14T19:32:19.983+07:00  INFO 1748 --- [demo] [restartedMain] .e.DevToolsPropertyDefaultsPostProcessor : For additional web related logging consider setting the 'logging.level.web' property to 'DEBUG'
2025-02-14T19:32:20.846+07:00  INFO 1748 --- [demo] [restartedMain] .s.d.r.c.RepositoryConfigurationDelegate : Bootstrapping Spring Data JPA repositories in DEFAULT mode.
2025-02-14T19:32:20.913+07:00  INFO 1748 --- [demo] [restartedMain] .s.d.r.c.RepositoryConfigurationDelegate : Finished Spring Data repository scanning in 57 ms. Found 1 JPA repository interface.
2025-02-14T19:32:21.463+07:00  INFO 1748 --- [demo] [restartedMain] o.s.b.w.embedded.tomcat.TomcatWebServer  : Tomcat initialized with port 8080 (http)
2025-02-14T19:32:21.474+07:00  INFO 1748 --- [demo] [restartedMain] o.apache.catalina.core.StandardService   : Starting service [Tomcat]
2025-02-14T19:32:21.474+07:00  INFO 1748 --- [demo] [restartedMain] o.apache.catalina.core.StandardEngine    : Starting Servlet engine: [Apache Tomcat/10.1.18]
2025-02-14T19:32:21.526+07:00  INFO 1748 --- [demo] [restartedMain] o.a.c.c.C.[Tomcat].[localhost].[/]       : Initializing Spring embedded WebApplicationContext
2025-02-14T19:32:21.527+07:00  INFO 1748 --- [demo] [restartedMain] w.s.c.ServletWebServerApplicationContext : Root WebApplicationContext: initialization completed in 1543 ms
2025-02-14T19:32:21.663+07:00  INFO 1748 --- [demo] [restartedMain] com.zaxxer.hikari.HikariDataSource       : HikariPool-1 - Starting...
2025-02-14T19:32:21.796+07:00  INFO 1748 --- [demo] [restartedMain] com.zaxxer.hikari.pool.HikariPool        : HikariPool-1 - Added connection com.mysql.cj.jdbc.ConnectionImpl@1b88cae9
2025-02-14T19:32:21.798+07:00  INFO 1748 --- [demo] [restartedMain] com.zaxxer.hikari.HikariDataSource       : HikariPool-1 - Start completed.
2025-02-14T19:32:22.126+07:00  INFO 1748 --- [demo] [restartedMain] o.s.o.j.p.SpringPersistenceUnitInfo      : No LoadTimeWeaver setup: ignoring JPA class transformer
2025-02-14T19:32:22.987+07:00  INFO 1748 --- [demo] [restartedMain] j.LocalContainerEntityManagerFactoryBean : Initialized JPA EntityManagerFactory for persistence unit 'default'
2025-02-14T19:32:23.279+07:00  WARN 1748 --- [demo] [restartedMain] JpaBaseConfiguration$JpaWebConfiguration : spring.jpa.open-in-view is enabled by default. Therefore, database queries may be performed during view rendering. Explicitly configure spring.jpa.open-in-view to disable this warning
2025-02-14T19:32:23.350+07:00 DEBUG 1748 --- [demo] [restartedMain] s.w.s.m.m.a.RequestMappingHandlerMapping : 4 mappings in 'requestMappingHandlerMapping'
2025-02-14T19:32:23.409+07:00 DEBUG 1748 --- [demo] [restartedMain] o.s.w.s.handler.SimpleUrlHandlerMapping  : Patterns [/webjars/**, /**] in 'resourceHandlerMapping'
2025-02-14T19:32:23.444+07:00 DEBUG 1748 --- [demo] [restartedMain] s.w.s.m.m.a.RequestMappingHandlerAdapter : ControllerAdvice beans: 0 @ModelAttribute, 0 @InitBinder, 1 RequestBodyAdvice, 1 ResponseBodyAdvice
2025-02-14T19:32:23.475+07:00 DEBUG 1748 --- [demo] [restartedMain] .m.m.a.ExceptionHandlerExceptionResolver : ControllerAdvice beans: 0 @ExceptionHandler, 1 ResponseBodyAdvice
2025-02-14T19:32:23.680+07:00  INFO 1748 --- [demo] [restartedMain] o.s.s.web.DefaultSecurityFilterChain     : Will secure any request with [org.springframework.security.web.session.DisableEncodeUrlFilter@28f4ef10, org.springframework.security.web.context.request.async.WebAsyncManagerIntegrationFilter@315f6ed2, org.springframework.security.web.context.SecurityContextHolderFilter@6c41c643, org.springframework.security.web.header.HeaderWriterFilter@13562994, org.springframework.web.filter.CorsFilter@5ea7453e, org.springframework.security.web.csrf.CsrfFilter@169daeb, org.springframework.security.web.authentication.logout.LogoutFilter@71c9d81a, org.springframework.security.web.authentication.UsernamePasswordAuthenticationFilter@51ad0203, org.springframework.security.web.authentication.ui.DefaultLoginPageGeneratingFilter@2719ae72, org.springframework.security.web.authentication.ui.DefaultLogoutPageGeneratingFilter@4216b62c, org.springframework.security.web.authentication.www.BasicAuthenticationFilter@6d0042ed, org.springframework.security.web.savedrequest.RequestCacheAwareFilter@321c7094, org.springframework.security.web.servletapi.SecurityContextHolderAwareRequestFilter@7f9753fc, org.springframework.security.web.authentication.AnonymousAuthenticationFilter@4d955d11, org.springframework.security.web.access.ExceptionTranslationFilter@3d71b02e, org.springframework.security.web.access.intercept.AuthorizationFilter@64e1f642]
2025-02-14T19:32:23.725+07:00  INFO 1748 --- [demo] [restartedMain] o.s.b.d.a.OptionalLiveReloadServer       : LiveReload server is running on port 35729
2025-02-14T19:32:23.772+07:00  INFO 1748 --- [demo] [restartedMain] o.s.b.w.embedded.tomcat.TomcatWebServer  : Tomcat started on port 8080 (http) with context path ''
2025-02-14T19:32:23.779+07:00  INFO 1748 --- [demo] [restartedMain] c.p.demo.DemoApplication                 : Started DemoApplication in 4.429 seconds (process running for 5.598)
2025-02-14T19:32:34.322+07:00  INFO 1748 --- [demo] [File Watcher] rtingClassPathChangeChangedEventListener : Restarting due to 1 class path change (0 additions, 1 deletion, 0 modifications)
2025-02-14T19:32:34.332+07:00  INFO 1748 --- [demo] [Thread-5] j.LocalContainerEntityManagerFactoryBean : Closing JPA EntityManagerFactory for persistence unit 'default'
2025-02-14T19:32:34.336+07:00  INFO 1748 --- [demo] [Thread-5] com.zaxxer.hikari.HikariDataSource       : HikariPool-1 - Shutdown initiated...
2025-02-14T19:32:34.345+07:00  INFO 1748 --- [demo] [Thread-5] com.zaxxer.hikari.HikariDataSource       : HikariPool-1 - Shutdown completed.
2025-02-14T19:32:34.420+07:00  INFO 1748 --- [demo] [restartedMain] c.p.demo.DemoApplication                 : Starting DemoApplication using Java 23.0.2 with PID 1748 (D:\Java-learning\demo\target\classes started by dat.vothanh in D:\Java-learning\demo)
2025-02-14T19:32:34.420+07:00  INFO 1748 --- [demo] [restartedMain] c.p.demo.DemoApplication                 : No active profile set, falling back to 1 default profile: "default"
2025-02-14T19:32:34.670+07:00  INFO 1748 --- [demo] [restartedMain] .s.d.r.c.RepositoryConfigurationDelegate : Bootstrapping Spring Data JPA repositories in DEFAULT mode.
2025-02-14T19:32:34.683+07:00  INFO 1748 --- [demo] [restartedMain] .s.d.r.c.RepositoryConfigurationDelegate : Finished Spring Data repository scanning in 12 ms. Found 1 JPA repository interface.
2025-02-14T19:32:34.809+07:00  INFO 1748 --- [demo] [restartedMain] o.s.b.w.embedded.tomcat.TomcatWebServer  : Tomcat initialized with port 8080 (http)
2025-02-14T19:32:34.810+07:00  INFO 1748 --- [demo] [restartedMain] o.apache.catalina.core.StandardService   : Starting service [Tomcat]
2025-02-14T19:32:34.810+07:00  INFO 1748 --- [demo] [restartedMain] o.apache.catalina.core.StandardEngine    : Starting Servlet engine: [Apache Tomcat/10.1.18]
2025-02-14T19:32:34.835+07:00  INFO 1748 --- [demo] [restartedMain] o.a.c.c.C.[Tomcat].[localhost].[/]       : Initializing Spring embedded WebApplicationContext
2025-02-14T19:32:34.835+07:00  INFO 1748 --- [demo] [restartedMain] w.s.c.ServletWebServerApplicationContext : Root WebApplicationContext: initialization completed in 413 ms
2025-02-14T19:32:34.879+07:00  INFO 1748 --- [demo] [restartedMain] com.zaxxer.hikari.HikariDataSource       : HikariPool-2 - Starting...
2025-02-14T19:32:34.884+07:00  INFO 1748 --- [demo] [restartedMain] com.zaxxer.hikari.pool.HikariPool        : HikariPool-2 - Added connection com.mysql.cj.jdbc.ConnectionImpl@17f511ed
2025-02-14T19:32:34.885+07:00  INFO 1748 --- [demo] [restartedMain] com.zaxxer.hikari.HikariDataSource       : HikariPool-2 - Start completed.
2025-02-14T19:32:34.895+07:00  INFO 1748 --- [demo] [restartedMain] o.s.o.j.p.SpringPersistenceUnitInfo      : No LoadTimeWeaver setup: ignoring JPA class transformer
2025-02-14T19:32:34.998+07:00  INFO 1748 --- [demo] [restartedMain] j.LocalContainerEntityManagerFactoryBean : Initialized JPA EntityManagerFactory for persistence unit 'default'
2025-02-14T19:32:35.100+07:00  WARN 1748 --- [demo] [restartedMain] JpaBaseConfiguration$JpaWebConfiguration : spring.jpa.open-in-view is enabled by default. Therefore, database queries may be performed during view rendering. Explicitly configure spring.jpa.open-in-view to disable this warning
2025-02-14T19:32:35.125+07:00 DEBUG 1748 --- [demo] [restartedMain] s.w.s.m.m.a.RequestMappingHandlerMapping : 3 mappings in 'requestMappingHandlerMapping'
2025-02-14T19:32:35.159+07:00 DEBUG 1748 --- [demo] [restartedMain] o.s.w.s.handler.SimpleUrlHandlerMapping  : Patterns [/webjars/**, /**] in 'resourceHandlerMapping'
2025-02-14T19:32:35.167+07:00 DEBUG 1748 --- [demo] [restartedMain] s.w.s.m.m.a.RequestMappingHandlerAdapter : ControllerAdvice beans: 0 @ModelAttribute, 0 @InitBinder, 1 RequestBodyAdvice, 1 ResponseBodyAdvice
2025-02-14T19:32:35.171+07:00 DEBUG 1748 --- [demo] [restartedMain] .m.m.a.ExceptionHandlerExceptionResolver : ControllerAdvice beans: 0 @ExceptionHandler, 1 ResponseBodyAdvice
2025-02-14T19:32:35.219+07:00  INFO 1748 --- [demo] [restartedMain] o.s.s.web.DefaultSecurityFilterChain     : Will secure any request with [org.springframework.security.web.session.DisableEncodeUrlFilter@1b77f510, org.springframework.security.web.context.request.async.WebAsyncManagerIntegrationFilter@1ce52267, org.springframework.security.web.context.SecurityContextHolderFilter@17dd645d, org.springframework.security.web.header.HeaderWriterFilter@587365fa, org.springframework.web.filter.CorsFilter@7814ab55, org.springframework.security.web.csrf.CsrfFilter@210a6f3a, org.springframework.security.web.authentication.logout.LogoutFilter@478e3a9e, org.springframework.security.web.authentication.UsernamePasswordAuthenticationFilter@202897b1, org.springframework.security.web.authentication.ui.DefaultLoginPageGeneratingFilter@3b80e95e, org.springframework.security.web.authentication.ui.DefaultLogoutPageGeneratingFilter@4e797cb4, org.springframework.security.web.authentication.www.BasicAuthenticationFilter@16c403e0, org.springframework.security.web.savedrequest.RequestCacheAwareFilter@655caa23, org.springframework.security.web.servletapi.SecurityContextHolderAwareRequestFilter@781f1f12, org.springframework.security.web.authentication.AnonymousAuthenticationFilter@6a02cf1e, org.springframework.security.web.access.ExceptionTranslationFilter@31a59f6d, org.springframework.security.web.access.intercept.AuthorizationFilter@7b9f8158]
2025-02-14T19:32:35.231+07:00  INFO 1748 --- [demo] [restartedMain] o.s.b.d.a.OptionalLiveReloadServer       : LiveReload server is running on port 35729
2025-02-14T19:32:35.252+07:00  INFO 1748 --- [demo] [restartedMain] o.s.b.w.embedded.tomcat.TomcatWebServer  : Tomcat started on port 8080 (http) with context path ''
2025-02-14T19:32:35.255+07:00  INFO 1748 --- [demo] [restartedMain] c.p.demo.DemoApplication                 : Started DemoApplication in 0.867 seconds (process running for 17.075)
2025-02-14T19:32:35.258+07:00  INFO 1748 --- [demo] [restartedMain] .ConditionEvaluationDeltaLoggingListener : Condition evaluation unchanged
2025-02-14T19:32:36.644+07:00  INFO 1748 --- [demo] [File Watcher] rtingClassPathChangeChangedEventListener : Restarting due to 1 class path change (1 addition, 0 deletions, 0 modifications)
2025-02-14T19:32:36.651+07:00  INFO 1748 --- [demo] [Thread-7] j.LocalContainerEntityManagerFactoryBean : Closing JPA EntityManagerFactory for persistence unit 'default'
2025-02-14T19:32:36.652+07:00  INFO 1748 --- [demo] [Thread-7] com.zaxxer.hikari.HikariDataSource       : HikariPool-2 - Shutdown initiated...
2025-02-14T19:32:36.654+07:00  INFO 1748 --- [demo] [Thread-7] com.zaxxer.hikari.HikariDataSource       : HikariPool-2 - Shutdown completed.
2025-02-14T19:32:36.741+07:00  INFO 1748 --- [demo] [restartedMain] c.p.demo.DemoApplication                 : Starting DemoApplication using Java 23.0.2 with PID 1748 (D:\Java-learning\demo\target\classes started by dat.vothanh in D:\Java-learning\demo)
2025-02-14T19:32:36.741+07:00  INFO 1748 --- [demo] [restartedMain] c.p.demo.DemoApplication                 : No active profile set, falling back to 1 default profile: "default"
2025-02-14T19:32:37.158+07:00  INFO 1748 --- [demo] [restartedMain] .s.d.r.c.RepositoryConfigurationDelegate : Bootstrapping Spring Data JPA repositories in DEFAULT mode.
2025-02-14T19:32:37.173+07:00  INFO 1748 --- [demo] [restartedMain] .s.d.r.c.RepositoryConfigurationDelegate : Finished Spring Data repository scanning in 15 ms. Found 1 JPA repository interface.
2025-02-14T19:32:37.364+07:00  INFO 1748 --- [demo] [restartedMain] o.s.b.w.embedded.tomcat.TomcatWebServer  : Tomcat initialized with port 8080 (http)
2025-02-14T19:32:37.365+07:00  INFO 1748 --- [demo] [restartedMain] o.apache.catalina.core.StandardService   : Starting service [Tomcat]
2025-02-14T19:32:37.366+07:00  INFO 1748 --- [demo] [restartedMain] o.apache.catalina.core.StandardEngine    : Starting Servlet engine: [Apache Tomcat/10.1.18]
2025-02-14T19:32:37.416+07:00  INFO 1748 --- [demo] [restartedMain] o.a.c.c.C.[Tomcat].[localhost].[/]       : Initializing Spring embedded WebApplicationContext
2025-02-14T19:32:37.416+07:00  INFO 1748 --- [demo] [restartedMain] w.s.c.ServletWebServerApplicationContext : Root WebApplicationContext: initialization completed in 671 ms
2025-02-14T19:32:37.475+07:00  INFO 1748 --- [demo] [restartedMain] com.zaxxer.hikari.HikariDataSource       : HikariPool-3 - Starting...
2025-02-14T19:32:37.481+07:00  INFO 1748 --- [demo] [restartedMain] com.zaxxer.hikari.pool.HikariPool        : HikariPool-3 - Added connection com.mysql.cj.jdbc.ConnectionImpl@3265a9a7
2025-02-14T19:32:37.481+07:00  INFO 1748 --- [demo] [restartedMain] com.zaxxer.hikari.HikariDataSource       : HikariPool-3 - Start completed.
2025-02-14T19:32:37.488+07:00  INFO 1748 --- [demo] [restartedMain] o.s.o.j.p.SpringPersistenceUnitInfo      : No LoadTimeWeaver setup: ignoring JPA class transformer
2025-02-14T19:32:37.584+07:00  INFO 1748 --- [demo] [restartedMain] j.LocalContainerEntityManagerFactoryBean : Initialized JPA EntityManagerFactory for persistence unit 'default'
2025-02-14T19:32:37.705+07:00  WARN 1748 --- [demo] [restartedMain] JpaBaseConfiguration$JpaWebConfiguration : spring.jpa.open-in-view is enabled by default. Therefore, database queries may be performed during view rendering. Explicitly configure spring.jpa.open-in-view to disable this warning
2025-02-14T19:32:37.746+07:00 DEBUG 1748 --- [demo] [restartedMain] s.w.s.m.m.a.RequestMappingHandlerMapping : 4 mappings in 'requestMappingHandlerMapping'
2025-02-14T19:32:37.782+07:00 DEBUG 1748 --- [demo] [restartedMain] o.s.w.s.handler.SimpleUrlHandlerMapping  : Patterns [/webjars/**, /**] in 'resourceHandlerMapping'
2025-02-14T19:32:37.798+07:00 DEBUG 1748 --- [demo] [restartedMain] s.w.s.m.m.a.RequestMappingHandlerAdapter : ControllerAdvice beans: 0 @ModelAttribute, 0 @InitBinder, 1 RequestBodyAdvice, 1 ResponseBodyAdvice
2025-02-14T19:32:37.803+07:00 DEBUG 1748 --- [demo] [restartedMain] .m.m.a.ExceptionHandlerExceptionResolver : ControllerAdvice beans: 0 @ExceptionHandler, 1 ResponseBodyAdvice
2025-02-14T19:32:37.883+07:00  INFO 1748 --- [demo] [restartedMain] o.s.s.web.DefaultSecurityFilterChain     : Will secure any request with [org.springframework.security.web.session.DisableEncodeUrlFilter@305372e3, org.springframework.security.web.context.request.async.WebAsyncManagerIntegrationFilter@493cddbf, org.springframework.security.web.context.SecurityContextHolderFilter@5520ea97, org.springframework.security.web.header.HeaderWriterFilter@1f1c2420, org.springframework.web.filter.CorsFilter@4e31a40e, org.springframework.security.web.csrf.CsrfFilter@6e9c504f, org.springframework.security.web.authentication.logout.LogoutFilter@5473a373, org.springframework.security.web.authentication.UsernamePasswordAuthenticationFilter@4fd90a7c, org.springframework.security.web.authentication.ui.DefaultLoginPageGeneratingFilter@499af9d0, org.springframework.security.web.authentication.ui.DefaultLogoutPageGeneratingFilter@a8bfb2f, org.springframework.security.web.authentication.www.BasicAuthenticationFilter@6f850cf, org.springframework.security.web.savedrequest.RequestCacheAwareFilter@5932c654, org.springframework.security.web.servletapi.SecurityContextHolderAwareRequestFilter@3759f63f, org.springframework.security.web.authentication.AnonymousAuthenticationFilter@216444f7, org.springframework.security.web.access.ExceptionTranslationFilter@5fb63663, org.springframework.security.web.access.intercept.AuthorizationFilter@322967f9]
2025-02-14T19:32:37.907+07:00  INFO 1748 --- [demo] [restartedMain] o.s.b.d.a.OptionalLiveReloadServer       : LiveReload server is running on port 35729
2025-02-14T19:32:37.964+07:00  INFO 1748 --- [demo] [restartedMain] o.s.b.w.embedded.tomcat.TomcatWebServer  : Tomcat started on port 8080 (http) with context path ''
2025-02-14T19:32:37.968+07:00  INFO 1748 --- [demo] [restartedMain] c.p.demo.DemoApplication                 : Started DemoApplication in 1.267 seconds (process running for 19.788)
2025-02-14T19:32:37.973+07:00  INFO 1748 --- [demo] [restartedMain] .ConditionEvaluationDeltaLoggingListener : Condition evaluation unchanged
2025-02-14T19:49:36.139+07:00  INFO 1748 --- [demo] [SpringApplicationShutdownHook] j.LocalContainerEntityManagerFactoryBean : Closing JPA EntityManagerFactory for persistence unit 'default'
2025-02-14T19:49:36.139+07:00  INFO 1748 --- [demo] [SpringApplicationShutdownHook] com.zaxxer.hikari.HikariDataSource       : HikariPool-3 - Shutdown initiated...
2025-02-14T19:49:36.141+07:00  INFO 1748 --- [demo] [SpringApplicationShutdownHook] com.zaxxer.hikari.HikariDataSource       : HikariPool-3 - Shutdown completed.
2025-02-14T19:49:39.579+07:00  INFO 23084 --- [demo] [restartedMain] c.p.demo.DemoApplication                 : Starting DemoApplication using Java 23.0.2 with PID 23084 (D:\Java-learning\demo\target\classes started by dat.vothanh in D:\Java-learning\demo)
2025-02-14T19:49:39.581+07:00  INFO 23084 --- [demo] [restartedMain] c.p.demo.DemoApplication                 : No active profile set, falling back to 1 default profile: "default"
2025-02-14T19:49:39.651+07:00  INFO 23084 --- [demo] [restartedMain] .e.DevToolsPropertyDefaultsPostProcessor : Devtools property defaults active! Set 'spring.devtools.add-properties' to 'false' to disable
2025-02-14T19:49:39.651+07:00  INFO 23084 --- [demo] [restartedMain] .e.DevToolsPropertyDefaultsPostProcessor : For additional web related logging consider setting the 'logging.level.web' property to 'DEBUG'
2025-02-14T19:49:40.473+07:00  INFO 23084 --- [demo] [restartedMain] .s.d.r.c.RepositoryConfigurationDelegate : Bootstrapping Spring Data JPA repositories in DEFAULT mode.
2025-02-14T19:49:40.530+07:00  INFO 23084 --- [demo] [restartedMain] .s.d.r.c.RepositoryConfigurationDelegate : Finished Spring Data repository scanning in 48 ms. Found 1 JPA repository interface.
2025-02-14T19:49:41.065+07:00  INFO 23084 --- [demo] [restartedMain] o.s.b.w.embedded.tomcat.TomcatWebServer  : Tomcat initialized with port 8080 (http)
2025-02-14T19:49:41.075+07:00  INFO 23084 --- [demo] [restartedMain] o.apache.catalina.core.StandardService   : Starting service [Tomcat]
2025-02-14T19:49:41.075+07:00  INFO 23084 --- [demo] [restartedMain] o.apache.catalina.core.StandardEngine    : Starting Servlet engine: [Apache Tomcat/10.1.18]
2025-02-14T19:49:41.123+07:00  INFO 23084 --- [demo] [restartedMain] o.a.c.c.C.[Tomcat].[localhost].[/]       : Initializing Spring embedded WebApplicationContext
2025-02-14T19:49:41.124+07:00  INFO 23084 --- [demo] [restartedMain] w.s.c.ServletWebServerApplicationContext : Root WebApplicationContext: initialization completed in 1473 ms
2025-02-14T19:49:41.240+07:00  INFO 23084 --- [demo] [restartedMain] com.zaxxer.hikari.HikariDataSource       : HikariPool-1 - Starting...
2025-02-14T19:49:41.374+07:00  INFO 23084 --- [demo] [restartedMain] com.zaxxer.hikari.pool.HikariPool        : HikariPool-1 - Added connection com.mysql.cj.jdbc.ConnectionImpl@1e7dc658
2025-02-14T19:49:41.376+07:00  INFO 23084 --- [demo] [restartedMain] com.zaxxer.hikari.HikariDataSource       : HikariPool-1 - Start completed.
2025-02-14T19:49:41.726+07:00  INFO 23084 --- [demo] [restartedMain] o.s.o.j.p.SpringPersistenceUnitInfo      : No LoadTimeWeaver setup: ignoring JPA class transformer
2025-02-14T19:49:42.697+07:00  INFO 23084 --- [demo] [restartedMain] j.LocalContainerEntityManagerFactoryBean : Initialized JPA EntityManagerFactory for persistence unit 'default'
2025-02-14T19:49:43.005+07:00  WARN 23084 --- [demo] [restartedMain] JpaBaseConfiguration$JpaWebConfiguration : spring.jpa.open-in-view is enabled by default. Therefore, database queries may be performed during view rendering. Explicitly configure spring.jpa.open-in-view to disable this warning
2025-02-14T19:49:43.069+07:00 DEBUG 23084 --- [demo] [restartedMain] s.w.s.m.m.a.RequestMappingHandlerMapping : 4 mappings in 'requestMappingHandlerMapping'
2025-02-14T19:49:43.132+07:00 DEBUG 23084 --- [demo] [restartedMain] o.s.w.s.handler.SimpleUrlHandlerMapping  : Patterns [/webjars/**, /**] in 'resourceHandlerMapping'
2025-02-14T19:49:43.159+07:00 DEBUG 23084 --- [demo] [restartedMain] s.w.s.m.m.a.RequestMappingHandlerAdapter : ControllerAdvice beans: 0 @ModelAttribute, 0 @InitBinder, 1 RequestBodyAdvice, 1 ResponseBodyAdvice
2025-02-14T19:49:43.184+07:00 DEBUG 23084 --- [demo] [restartedMain] .m.m.a.ExceptionHandlerExceptionResolver : ControllerAdvice beans: 0 @ExceptionHandler, 1 ResponseBodyAdvice
2025-02-14T19:49:43.386+07:00  INFO 23084 --- [demo] [restartedMain] o.s.s.web.DefaultSecurityFilterChain     : Will secure any request with [org.springframework.security.web.session.DisableEncodeUrlFilter@6a55fcec, org.springframework.security.web.context.request.async.WebAsyncManagerIntegrationFilter@56cadd41, org.springframework.security.web.context.SecurityContextHolderFilter@6e07aee9, org.springframework.security.web.header.HeaderWriterFilter@43fc77fb, org.springframework.web.filter.CorsFilter@74dfec80, org.springframework.security.web.csrf.CsrfFilter@5c030498, org.springframework.security.web.authentication.logout.LogoutFilter@e52febd, org.springframework.security.web.authentication.UsernamePasswordAuthenticationFilter@30dba34b, org.springframework.security.web.authentication.ui.DefaultLoginPageGeneratingFilter@3e0a6f35, org.springframework.security.web.authentication.ui.DefaultLogoutPageGeneratingFilter@6af14bff, org.springframework.security.web.authentication.www.BasicAuthenticationFilter@3f53bc84, org.springframework.security.web.savedrequest.RequestCacheAwareFilter@39b3bc46, org.springframework.security.web.servletapi.SecurityContextHolderAwareRequestFilter@6a999a0d, org.springframework.security.web.authentication.AnonymousAuthenticationFilter@2f8678d1, org.springframework.security.web.access.ExceptionTranslationFilter@5c76dab4, org.springframework.security.web.access.intercept.AuthorizationFilter@4d213eba]
2025-02-14T19:49:43.434+07:00  INFO 23084 --- [demo] [restartedMain] o.s.b.d.a.OptionalLiveReloadServer       : LiveReload server is running on port 35729
2025-02-14T19:49:43.491+07:00  INFO 23084 --- [demo] [restartedMain] o.s.b.w.embedded.tomcat.TomcatWebServer  : Tomcat started on port 8080 (http) with context path ''
2025-02-14T19:49:43.497+07:00  INFO 23084 --- [demo] [restartedMain] c.p.demo.DemoApplication                 : Started DemoApplication in 4.351 seconds (process running for 5.304)
